0 info it worked if it ends with ok
1 verbose cli [ '/home/fpedarnig/.nvm/versions/node/v7.3.0/bin/node',
1 verbose cli   '/home/fpedarnig/.nvm/versions/node/v7.3.0/bin/npm',
1 verbose cli   'run',
1 verbose cli   'start-smtp' ]
2 info using npm@3.10.10
3 info using node@v7.3.0
4 verbose run-script [ 'prestart-smtp', 'start-smtp', 'poststart-smtp' ]
5 info lifecycle email-json-server@0.0.1~prestart-smtp: email-json-server@0.0.1
6 silly lifecycle email-json-server@0.0.1~prestart-smtp: no script for prestart-smtp, continuing
7 info lifecycle email-json-server@0.0.1~start-smtp: email-json-server@0.0.1
8 verbose lifecycle email-json-server@0.0.1~start-smtp: unsafe-perm in lifecycle true
9 verbose lifecycle email-json-server@0.0.1~start-smtp: PATH: /home/fpedarnig/.nvm/versions/node/v7.3.0/lib/node_modules/npm/bin/node-gyp-bin:/home/fpedarnig/projects/email-json-server/node_modules/.bin:/home/fpedarnig/.nvm/versions/node/v7.3.0/bin:/usr/local/sbin:/usr/local/bin:/usr/sbin:/usr/bin:/sbin:/bin:/usr/games:/usr/local/games:/snap/bin:/home/fpedarnig/.rvm/bin:/usr/java64/jdk1.8.0_101/bin:/home/fpedarnig/.rvm/bin:/usr/local/go/bin
10 verbose lifecycle email-json-server@0.0.1~start-smtp: CWD: /home/fpedarnig/projects/email-json-server
11 silly lifecycle email-json-server@0.0.1~start-smtp: Args: [ '-c', 'nodemon src/smtp_server.js' ]
12 silly lifecycle email-json-server@0.0.1~start-smtp: Returned: code: 1  signal: null
13 info lifecycle email-json-server@0.0.1~start-smtp: Failed to exec start-smtp script
14 verbose stack Error: email-json-server@0.0.1 start-smtp: `nodemon src/smtp_server.js`
14 verbose stack Exit status 1
14 verbose stack     at EventEmitter.<anonymous> (/home/fpedarnig/.nvm/versions/node/v7.3.0/lib/node_modules/npm/lib/utils/lifecycle.js:255:16)
14 verbose stack     at emitTwo (events.js:106:13)
14 verbose stack     at EventEmitter.emit (events.js:191:7)
14 verbose stack     at ChildProcess.<anonymous> (/home/fpedarnig/.nvm/versions/node/v7.3.0/lib/node_modules/npm/lib/utils/spawn.js:40:14)
14 verbose stack     at emitTwo (events.js:106:13)
14 verbose stack     at ChildProcess.emit (events.js:191:7)
14 verbose stack     at maybeClose (internal/child_process.js:885:16)
14 verbose stack     at Process.ChildProcess._handle.onexit (internal/child_process.js:226:5)
15 verbose pkgid email-json-server@0.0.1
16 verbose cwd /home/fpedarnig/projects/email-json-server
17 error Linux 4.4.0-45-generic
18 error argv "/home/fpedarnig/.nvm/versions/node/v7.3.0/bin/node" "/home/fpedarnig/.nvm/versions/node/v7.3.0/bin/npm" "run" "start-smtp"
19 error node v7.3.0
20 error npm  v3.10.10
21 error code ELIFECYCLE
22 error email-json-server@0.0.1 start-smtp: `nodemon src/smtp_server.js`
22 error Exit status 1
23 error Failed at the email-json-server@0.0.1 start-smtp script 'nodemon src/smtp_server.js'.
23 error Make sure you have the latest version of node.js and npm installed.
23 error If you do, this is most likely a problem with the email-json-server package,
23 error not with npm itself.
23 error Tell the author that this fails on your system:
23 error     nodemon src/smtp_server.js
23 error You can get information on how to open an issue for this project with:
23 error     npm bugs email-json-server
23 error Or if that isn't available, you can get their info via:
23 error     npm owner ls email-json-server
23 error There is likely additional logging output above.
24 verbose exit [ 1, true ]
